[2025-02-14 16:48:04] Yedek versiyon pushlandı
[2025-02-14 16:48:04] Yeni sürüm kopyalanıyor: 10_split_at_en_sign.apk → inattv.apk
[2025-02-14 16:48:10] Yeni sürüm pushlandı
[2025-02-14 16:48:10] Bekleme başlıyor (20 dakika)...
[2025-02-14 16:48:52] Yedek versiyon pushlandı
[2025-02-14 16:48:52] Yeni sürüm kopyalanıyor: 10_split_at_en_sign.apk → inattv.apk
[2025-02-14 16:48:58] Yeni sürüm pushlandı
[2025-02-14 16:48:58] Bekleme başlıyor (15 dakika)...
[2025-02-14 17:18:58] İşleniyor: 11_split_at_en_sign.apk (2/24)
[2025-02-14 17:18:58] Eski old_inattv.apk siliniyor...
[2025-02-14 17:19:03] Yedek versiyon pushlandı
[2025-02-14 17:19:03] Yeni sürüm kopyalanıyor: 11_split_at_en_sign.apk → inattv.apk
[2025-02-14 17:19:08] Yeni sürüm pushlandı
[2025-02-14 17:19:08] Bekleme başlıyor (15 dakika)...
[2025-02-14 17:49:08] İşleniyor: 12_split_at_en_sign.apk (3/24)
[2025-02-14 17:49:08] Eski old_inattv.apk siliniyor...
[2025-02-14 17:49:12] Yedek versiyon pushlandı
[2025-02-14 17:49:12] Yeni sürüm kopyalanıyor: 12_split_at_en_sign.apk → inattv.apk
[2025-02-14 17:49:18] Yeni sürüm pushlandı
[2025-02-14 17:49:18] Bekleme başlıyor (15 dakika)...
[2025-02-14 18:09:41] Yedek versiyon pushlandı
[2025-02-14 18:09:41] Yeni sürüm kopyalanıyor: 10_split_at_en_sign.apk → inattv.apk
[2025-02-14 18:09:46] Yeni sürüm pushlandı
[2025-02-14 18:09:46] Bekleme başlıyor (15 dakika)...
[2025-02-14 18:39:46] İşleniyor: 11_split_at_en_sign.apk (2/24)
[2025-02-14 18:39:46] Eski old_inattv.apk siliniyor...
[2025-02-14 18:39:50] Yedek versiyon pushlandı
[2025-02-14 18:39:50] Yeni sürüm kopyalanıyor: 11_split_at_en_sign.apk → inattv.apk
[2025-02-14 18:39:55] Yeni sürüm pushlandı
[2025-02-14 18:39:55] Bekleme başlıyor (15 dakika)...
[2025-02-14 19:09:55] İşleniyor: 12_split_at_en_sign.apk (3/24)
[2025-02-14 19:09:55] Eski old_inattv.apk siliniyor...
[2025-02-14 19:09:59] Yedek versiyon pushlandı
[2025-02-14 19:09:59] Yeni sürüm kopyalanıyor: 12_split_at_en_sign.apk → inattv.apk
[2025-02-14 19:10:04] Yeni sürüm pushlandı
[2025-02-14 19:10:04] Bekleme başlıyor (15 dakika)...
[2025-02-14 23:03:14] Yedek versiyon pushlandı
[2025-02-14 23:03:14] Yeni sürüm kopyalanıyor: 10_split_at_en_sign.apk → inattv.apk
[2025-02-14 23:03:34] Yedek versiyon pushlandı
[2025-02-14 23:03:34] Yeni sürüm kopyalanıyor: 11_split_at_en_sign.apk → inattv.apk
[2025-02-14 23:03:39] Yeni sürüm pushlandı
[2025-02-14 23:03:39] Bekleme başlıyor (15 dakika)...
[2025-02-14 23:33:39] İşleniyor: 12_split_at_en_sign.apk (2/20)
[2025-02-14 23:33:39] Eski old_inattv.apk siliniyor...
[2025-02-14 23:33:44] Yedek versiyon pushlandı
[2025-02-14 23:33:44] Yeni sürüm kopyalanıyor: 12_split_at_en_sign.apk → inattv.apk
[2025-02-14 23:33:51] Yeni sürüm pushlandı
[2025-02-14 23:33:51] Bekleme başlıyor (15 dakika)...
[2025-02-15 00:03:51] İşleniyor: 13_split_at_en_sign.apk (3/20)
[2025-02-15 00:03:51] Eski old_inattv.apk siliniyor...
[2025-02-15 00:03:54] Yedek versiyon pushlandı
[2025-02-15 00:03:54] Yeni sürüm kopyalanıyor: 13_split_at_en_sign.apk → inattv.apk
[2025-02-15 00:04:00] Yeni sürüm pushlandı
[2025-02-15 00:04:00] Bekleme başlıyor (15 dakika)...
[2025-02-15 00:34:00] İşleniyor: 14_split_at_en_sign.apk (4/20)
[2025-02-15 00:34:00] Eski old_inattv.apk siliniyor...
[2025-02-15 00:34:03] Yedek versiyon pushlandı
[2025-02-15 00:34:03] Yeni sürüm kopyalanıyor: 14_split_at_en_sign.apk → inattv.apk
[2025-02-15 00:34:09] Yeni sürüm pushlandı
[2025-02-15 00:34:10] Bekleme başlıyor (15 dakika)...
[2025-02-15 01:04:10] İşleniyor: 15_split_at_en_sign.apk (5/20)
[2025-02-15 01:04:10] Eski old_inattv.apk siliniyor...
[2025-02-15 01:04:13] Yedek versiyon pushlandı
[2025-02-15 01:04:13] Yeni sürüm kopyalanıyor: 15_split_at_en_sign.apk → inattv.apk
[2025-02-15 01:04:18] Yeni sürüm pushlandı
[2025-02-15 01:04:18] Bekleme başlıyor (15 dakika)...
[2025-02-15 01:34:18] İşleniyor: 16_split_at_en_sign.apk (6/20)
[2025-02-15 01:34:18] Eski old_inattv.apk siliniyor...
[2025-02-15 01:34:22] Yedek versiyon pushlandı
[2025-02-15 01:34:22] Yeni sürüm kopyalanıyor: 16_split_at_en_sign.apk → inattv.apk
[2025-02-15 01:34:27] Yeni sürüm pushlandı
[2025-02-15 01:34:27] Bekleme başlıyor (15 dakika)...
[2025-02-15 02:04:27] İşleniyor: 17_split_at_en_sign.apk (7/20)
[2025-02-15 02:04:27] Eski old_inattv.apk siliniyor...
[2025-02-15 02:04:31] Yedek versiyon pushlandı
[2025-02-15 02:04:31] Yeni sürüm kopyalanıyor: 17_split_at_en_sign.apk → inattv.apk
[2025-02-15 02:04:36] Yeni sürüm pushlandı
[2025-02-15 02:04:36] Bekleme başlıyor (15 dakika)...
[2025-02-15 02:34:36] İşleniyor: 18_split_at_en_sign.apk (8/20)
[2025-02-15 02:34:36] Eski old_inattv.apk siliniyor...
